azure.core.pipeline.policies.http_logging_policy - INFO - Request URL: 'https://prodlsandbox.blob.core.windows.net/safety-feedback/b%C3%BAsquedas_con_retro.parquet?sp=REDACTED&st=REDACTED&se=REDACTED&sv=REDACTED&sr=REDACTED&sig=REDACTED'
Request method: 'GET'
Request headers:
    'x-ms-range': 'REDACTED'
    'x-ms-version': 'REDACTED'
    'Accept': 'application/xml'
    'User-Agent': 'azsdk-python-storage-blob/12.13.1 Python/3.9.12 (Windows-10-10.0.19044-SP0)'
    'x-ms-date': 'REDACTED'
    'x-ms-client-request-id': '68044e77-4bed-11ed-9fdf-4c445b0961c1'
No body was attached to the request
azure.core.pipeline.policies.http_logging_policy - INFO - Response status: 206
Response headers:
    'Content-Length': '583248'
    'Content-Type': 'application/octet-stream'
    'Content-Range': 'REDACTED'
    'Last-Modified': 'Mon, 12 Sep 2022 21:05:16 GMT'
    'Accept-Ranges': 'REDACTED'
    'ETag': '"0x8DA95027DF31951"'
    'Server': 'Windows-Azure-Blob/1.0 Microsoft-HTTPAPI/2.0'
    'x-ms-request-id': '58af6104-a01e-0065-0bfa-dfe27b000000'
    'x-ms-client-request-id': '68044e77-4bed-11ed-9fdf-4c445b0961c1'
    'x-ms-version': 'REDACTED'
    'x-ms-creation-time': 'REDACTED'
    'x-ms-blob-content-md5': 'REDACTED'
    'x-ms-lease-status': 'REDACTED'
    'x-ms-lease-state': 'REDACTED'
    'x-ms-blob-type': 'REDACTED'
    'x-ms-server-encrypted': 'REDACTED'
    'Date': 'Fri, 14 Oct 2022 18:23:33 GMT'
azure.core.pipeline.policies.http_logging_policy - INFO - Request URL: 'https://prodlsandbox.blob.core.windows.net/safety-feedback/b%C3%BAsquedas_con_retro.parquet?sp=REDACTED&st=REDACTED&se=REDACTED&sv=REDACTED&sr=REDACTED&sig=REDACTED'
Request method: 'GET'
Request headers:
    'x-ms-range': 'REDACTED'
    'x-ms-version': 'REDACTED'
    'Accept': 'application/xml'
    'User-Agent': 'azsdk-python-storage-blob/12.13.1 Python/3.9.12 (Windows-10-10.0.19044-SP0)'
    'x-ms-date': 'REDACTED'
    'x-ms-client-request-id': '94fe73e9-4bed-11ed-ad14-4c445b0961c1'
No body was attached to the request
azure.core.pipeline.policies.http_logging_policy - INFO - Response status: 206
Response headers:
    'Content-Length': '583248'
    'Content-Type': 'application/octet-stream'
    'Content-Range': 'REDACTED'
    'Last-Modified': 'Mon, 12 Sep 2022 21:05:16 GMT'
    'Accept-Ranges': 'REDACTED'
    'ETag': '"0x8DA95027DF31951"'
    'Server': 'Windows-Azure-Blob/1.0 Microsoft-HTTPAPI/2.0'
    'x-ms-request-id': 'a08ab1ef-501e-0013-06fa-df6833000000'
    'x-ms-client-request-id': '94fe73e9-4bed-11ed-ad14-4c445b0961c1'
    'x-ms-version': 'REDACTED'
    'x-ms-creation-time': 'REDACTED'
    'x-ms-blob-content-md5': 'REDACTED'
    'x-ms-lease-status': 'REDACTED'
    'x-ms-lease-state': 'REDACTED'
    'x-ms-blob-type': 'REDACTED'
    'x-ms-server-encrypted': 'REDACTED'
    'Date': 'Fri, 14 Oct 2022 18:24:48 GMT'
azure.core.pipeline.policies.http_logging_policy - INFO - Request URL: 'https://prodlsandbox.blob.core.windows.net/safety-feedback/b%C3%BAsquedas_con_retro.parquet?sp=REDACTED&st=REDACTED&se=REDACTED&sv=REDACTED&sr=REDACTED&sig=REDACTED'
Request method: 'GET'
Request headers:
    'x-ms-range': 'REDACTED'
    'x-ms-version': 'REDACTED'
    'Accept': 'application/xml'
    'User-Agent': 'azsdk-python-storage-blob/12.13.1 Python/3.9.12 (Windows-10-10.0.19044-SP0)'
    'x-ms-date': 'REDACTED'
    'x-ms-client-request-id': 'd8ea2230-4bed-11ed-ab05-4c445b0961c1'
No body was attached to the request
azure.core.pipeline.policies.http_logging_policy - INFO - Response status: 206
Response headers:
    'Content-Length': '583248'
    'Content-Type': 'application/octet-stream'
    'Content-Range': 'REDACTED'
    'Last-Modified': 'Mon, 12 Sep 2022 21:05:16 GMT'
    'Accept-Ranges': 'REDACTED'
    'ETag': '"0x8DA95027DF31951"'
    'Server': 'Windows-Azure-Blob/1.0 Microsoft-HTTPAPI/2.0'
    'x-ms-request-id': '382b8102-d01e-0032-41fa-df4c48000000'
    'x-ms-client-request-id': 'd8ea2230-4bed-11ed-ab05-4c445b0961c1'
    'x-ms-version': 'REDACTED'
    'x-ms-creation-time': 'REDACTED'
    'x-ms-blob-content-md5': 'REDACTED'
    'x-ms-lease-status': 'REDACTED'
    'x-ms-lease-state': 'REDACTED'
    'x-ms-blob-type': 'REDACTED'
    'x-ms-server-encrypted': 'REDACTED'
    'Date': 'Fri, 14 Oct 2022 18:26:42 GMT'
gensim.utils - INFO - loading Word2Vec object from django_api/api_data\data/models/w2v/model_w2v.model
gensim.utils - INFO - loading Word2Vec object from django_api/api_data\data/models/w2v/model_w2v.model
gensim.utils - INFO - loading Word2Vec object from ../models/w2v/model_w2v.model
